VirtualBox XPCOM Server 4.3.12_OSE r93733 freebsd.amd64 (May 23 2014 10:22:08) release log
00:00:00.001336 main     Log opened 2014-08-07T08:59:33.503809000Z
00:00:00.001338 main     Build Type: release
00:00:00.001348 main     OS Product: FreeBSD
00:00:00.001353 main     OS Release: 10.0-STABLE
00:00:00.001358 main     OS Version: FreeBSD 10.0-STABLE #0 r268571: Sat Jul 12 20:52:39 UTC 2014     root@grind.freebsd.org:/usr/obj/usr/src/sys/GENERIC
00:00:00.001363 main     Host RAM: 4053MB total, 2728MB available
00:00:00.001366 main     Executable: /usr/local/lib/virtualbox/VBoxSVC
00:00:00.001367 main     Process ID: 16505
00:00:00.001367 main     Package type: BSD_64BITS_GENERIC (OSE)
00:00:00.109736 nspr-2   Loading settings file "/home/definitly/.config/VirtualBox/VirtualBox.xml" with version "1.12-freebsd"
00:00:01.113371 nspr-2   HostDnsMonitorProxy: Host's DNS information updated:
00:00:01.113399 nspr-2   DNS server 1: 192.168.1.1
00:00:01.113680 nspr-2   VDInit finished
00:00:01.113832 nspr-2   ERROR [COM]: aRC=NS_ERROR_FAILURE (0x80004005) aIID={1254a96a-ae57-4484-946a-22d86c1f98af} aComponent={SystemProperties} aText={Cannot determine default Guest Additions ISO location. Most likely they are not available}, preserve=false
00:00:01.114357 nspr-2   ERROR [COM]: aRC=NS_ERROR_FAILURE (0x80004005) aIID={480cf695-2d8d-4256-9c7c-cce4184fa048} aComponent={Machine} aText={Runtime error opening '/home/definitly/VirtualBox VMs/openindiana/openindiana.vbox' for reading: -102(File not found.).
00:00:01.114362 nspr-2   /usr/ports/emulators/virtualbox-ose/work/VirtualBox-4.3.12/src/VBox/Main/src-server/MachineImpl.cpp[731] (nsresult Machine::registeredInit())}, preserve=false
00:00:01.114605 nspr-2   ERROR [COM]: aRC=NS_ERROR_FAILURE (0x80004005) aIID={480cf695-2d8d-4256-9c7c-cce4184fa048} aComponent={Machine} aText={Runtime error opening '/home/definitly/VirtualBox VMs/opensuse/opensuse.vbox' for reading: -102(File not found.).
00:00:01.114609 nspr-2   /usr/ports/emulators/virtualbox-ose/work/VirtualBox-4.3.12/src/VBox/Main/src-server/MachineImpl.cpp[731] (nsresult Machine::registeredInit())}, preserve=false
00:00:01.114782 nspr-2   ERROR [COM]: aRC=NS_ERROR_FAILURE (0x80004005) aIID={480cf695-2d8d-4256-9c7c-cce4184fa048} aComponent={Machine} aText={Runtime error opening '/home/definitly/VirtualBox VMs/elementary/elementary.vbox' for reading: -102(File not found.).
00:00:01.114787 nspr-2   /usr/ports/emulators/virtualbox-ose/work/VirtualBox-4.3.12/src/VBox/Main/src-server/MachineImpl.cpp[731] (nsresult Machine::registeredInit())}, preserve=false
00:00:01.114958 nspr-2   ERROR [COM]: aRC=NS_ERROR_FAILURE (0x80004005) aIID={480cf695-2d8d-4256-9c7c-cce4184fa048} aComponent={Machine} aText={Runtime error opening '/home/definitly/VirtualBox VMs/mint/mint.vbox' for reading: -102(File not found.).
00:00:01.114963 nspr-2   /usr/ports/emulators/virtualbox-ose/work/VirtualBox-4.3.12/src/VBox/Main/src-server/MachineImpl.cpp[731] (nsresult Machine::registeredInit())}, preserve=false
00:00:01.115133 nspr-2   ERROR [COM]: aRC=NS_ERROR_FAILURE (0x80004005) aIID={480cf695-2d8d-4256-9c7c-cce4184fa048} aComponent={Machine} aText={Runtime error opening '/home/definitly/VirtualBox VMs/solaris/solaris.vbox' for reading: -102(File not found.).
00:00:01.115137 nspr-2   /usr/ports/emulators/virtualbox-ose/work/VirtualBox-4.3.12/src/VBox/Main/src-server/MachineImpl.cpp[731] (nsresult Machine::registeredInit())}, preserve=false
00:00:01.115311 nspr-2   ERROR [COM]: aRC=NS_ERROR_FAILURE (0x80004005) aIID={480cf695-2d8d-4256-9c7c-cce4184fa048} aComponent={Machine} aText={Runtime error opening '/home/definitly/VirtualBox VMs/android/android.vbox' for reading: -102(File not found.).
00:00:01.115315 nspr-2   /usr/ports/emulators/virtualbox-ose/work/VirtualBox-4.3.12/src/VBox/Main/src-server/MachineImpl.cpp[731] (nsresult Machine::registeredInit())}, preserve=false
00:00:01.115485 nspr-2   ERROR [COM]: aRC=NS_ERROR_FAILURE (0x80004005) aIID={480cf695-2d8d-4256-9c7c-cce4184fa048} aComponent={Machine} aText={Runtime error opening '/home/definitly/VirtualBox VMs/win7/win7.vbox' for reading: -102(File not found.).
00:00:01.115489 nspr-2   /usr/ports/emulators/virtualbox-ose/work/VirtualBox-4.3.12/src/VBox/Main/src-server/MachineImpl.cpp[731] (nsresult Machine::registeredInit())}, preserve=false
00:00:01.115664 nspr-2   ERROR [COM]: aRC=NS_ERROR_FAILURE (0x80004005) aIID={480cf695-2d8d-4256-9c7c-cce4184fa048} aComponent={Machine} aText={Runtime error opening '/home/definitly/VirtualBox VMs/win8/win8.vbox' for reading: -102(File not found.).
00:00:01.115669 nspr-2   /usr/ports/emulators/virtualbox-ose/work/VirtualBox-4.3.12/src/VBox/Main/src-server/MachineImpl.cpp[731] (nsresult Machine::registeredInit())}, preserve=false
00:00:01.115845 nspr-2   ERROR [COM]: aRC=NS_ERROR_FAILURE (0x80004005) aIID={480cf695-2d8d-4256-9c7c-cce4184fa048} aComponent={Machine} aText={Runtime error opening '/home/definitly/VirtualBox VMs/w2000/w2000.vbox' for reading: -102(File not found.).
00:00:01.115850 nspr-2   /usr/ports/emulators/virtualbox-ose/work/VirtualBox-4.3.12/src/VBox/Main/src-server/MachineImpl.cpp[731] (nsresult Machine::registeredInit())}, preserve=false
00:00:01.116016 nspr-2   ERROR [COM]: aRC=NS_ERROR_FAILURE (0x80004005) aIID={480cf695-2d8d-4256-9c7c-cce4184fa048} aComponent={Machine} aText={Runtime error opening '/home/definitly/VirtualBox VMs/winxp/winxp.vbox' for reading: -102(File not found.).
00:00:01.116020 nspr-2   /usr/ports/emulators/virtualbox-ose/work/VirtualBox-4.3.12/src/VBox/Main/src-server/MachineImpl.cpp[731] (nsresult Machine::registeredInit())}, preserve=false
00:00:01.116188 nspr-2   ERROR [COM]: aRC=NS_ERROR_FAILURE (0x80004005) aIID={480cf695-2d8d-4256-9c7c-cce4184fa048} aComponent={Machine} aText={Runtime error opening '/home/definitly/VirtualBox VMs/winmin/winmin.vbox' for reading: -102(File not found.).
00:00:01.116192 nspr-2   /usr/ports/emulators/virtualbox-ose/work/VirtualBox-4.3.12/src/VBox/Main/src-server/MachineImpl.cpp[731] (nsresult Machine::registeredInit())}, preserve=false
00:00:01.116359 nspr-2   ERROR [COM]: aRC=NS_ERROR_FAILURE (0x80004005) aIID={480cf695-2d8d-4256-9c7c-cce4184fa048} aComponent={Machine} aText={Runtime error opening '/home/definitly/VirtualBox VMs/win/win.vbox' for reading: -102(File not found.).
00:00:01.116363 nspr-2   /usr/ports/emulators/virtualbox-ose/work/VirtualBox-4.3.12/src/VBox/Main/src-server/MachineImpl.cpp[731] (nsresult Machine::registeredInit())}, preserve=false
00:00:01.116531 nspr-2   ERROR [COM]: aRC=NS_ERROR_FAILURE (0x80004005) aIID={480cf695-2d8d-4256-9c7c-cce4184fa048} aComponent={Machine} aText={Runtime error opening '/home/definitly/VirtualBox VMs/centos/centos.vbox' for reading: -102(File not found.).
00:00:01.116536 nspr-2   /usr/ports/emulators/virtualbox-ose/work/VirtualBox-4.3.12/src/VBox/Main/src-server/MachineImpl.cpp[731] (nsresult Machine::registeredInit())}, preserve=false
00:00:01.116710 nspr-2   ERROR [COM]: aRC=NS_ERROR_FAILURE (0x80004005) aIID={480cf695-2d8d-4256-9c7c-cce4184fa048} aComponent={Machine} aText={Runtime error opening '/home/definitly/VirtualBox VMs/debian/debian.vbox' for reading: -102(File not found.).
00:00:01.116715 nspr-2   /usr/ports/emulators/virtualbox-ose/work/VirtualBox-4.3.12/src/VBox/Main/src-server/MachineImpl.cpp[731] (nsresult Machine::registeredInit())}, preserve=false
00:00:01.116885 nspr-2   ERROR [COM]: aRC=NS_ERROR_FAILURE (0x80004005) aIID={480cf695-2d8d-4256-9c7c-cce4184fa048} aComponent={Machine} aText={Runtime error opening '/home/definitly/VirtualBox VMs/fedora/fedora.vbox' for reading: -102(File not found.).
00:00:01.116890 nspr-2   /usr/ports/emulators/virtualbox-ose/work/VirtualBox-4.3.12/src/VBox/Main/src-server/MachineImpl.cpp[731] (nsresult Machine::registeredInit())}, preserve=false
00:00:01.117059 nspr-2   ERROR [COM]: aRC=NS_ERROR_FAILURE (0x80004005) aIID={480cf695-2d8d-4256-9c7c-cce4184fa048} aComponent={Machine} aText={Runtime error opening '/home/definitly/VirtualBox VMs/ubuntu/ubuntu.vbox' for reading: -102(File not found.).
00:00:01.117064 nspr-2   /usr/ports/emulators/virtualbox-ose/work/VirtualBox-4.3.12/src/VBox/Main/src-server/MachineImpl.cpp[731] (nsresult Machine::registeredInit())}, preserve=false
00:00:01.117513 nspr-2   Loading settings file "/home/definitly/VirtualBox VMs/slitaz/slitaz.vbox" with version "1.14-freebsd"
00:00:01.124380 nspr-2   ERROR [COM]: aRC=E_ACCESSDENIED (0x80070005) aIID={480cf695-2d8d-4256-9c7c-cce4184fa048} aComponent={Machine} aText={The object functionality is limited}, preserve=false
00:00:01.124415 nspr-2   ERROR [COM]: aRC=E_ACCESSDENIED (0x80070005) aIID={480cf695-2d8d-4256-9c7c-cce4184fa048} aComponent={Machine} aText={The object functionality is limited}, preserve=false
00:00:01.124444 nspr-2   ERROR [COM]: aRC=E_ACCESSDENIED (0x80070005) aIID={480cf695-2d8d-4256-9c7c-cce4184fa048} aComponent={Machine} aText={The object functionality is limited}, preserve=false
00:00:01.124464 nspr-2   ERROR [COM]: aRC=E_ACCESSDENIED (0x80070005) aIID={480cf695-2d8d-4256-9c7c-cce4184fa048} aComponent={Machine} aText={The object functionality is limited}, preserve=false
00:00:01.124483 nspr-2   ERROR [COM]: aRC=E_ACCESSDENIED (0x80070005) aIID={480cf695-2d8d-4256-9c7c-cce4184fa048} aComponent={Machine} aText={The object functionality is limited}, preserve=false
00:00:01.124506 nspr-2   ERROR [COM]: aRC=E_ACCESSDENIED (0x80070005) aIID={480cf695-2d8d-4256-9c7c-cce4184fa048} aComponent={Machine} aText={The object functionality is limited}, preserve=false
00:00:01.124526 nspr-2   ERROR [COM]: aRC=E_ACCESSDENIED (0x80070005) aIID={480cf695-2d8d-4256-9c7c-cce4184fa048} aComponent={Machine} aText={The object functionality is limited}, preserve=false
00:00:01.124549 nspr-2   ERROR [COM]: aRC=E_ACCESSDENIED (0x80070005) aIID={480cf695-2d8d-4256-9c7c-cce4184fa048} aComponent={Machine} aText={The object functionality is limited}, preserve=false
00:00:01.124568 nspr-2   ERROR [COM]: aRC=E_ACCESSDENIED (0x80070005) aIID={480cf695-2d8d-4256-9c7c-cce4184fa048} aComponent={Machine} aText={The object functionality is limited}, preserve=false
00:00:01.124587 nspr-2   ERROR [COM]: aRC=E_ACCESSDENIED (0x80070005) aIID={480cf695-2d8d-4256-9c7c-cce4184fa048} aComponent={Machine} aText={The object functionality is limited}, preserve=false
00:00:01.124612 nspr-2   ERROR [COM]: aRC=E_ACCESSDENIED (0x80070005) aIID={480cf695-2d8d-4256-9c7c-cce4184fa048} aComponent={Machine} aText={The object functionality is limited}, preserve=false
00:00:01.124631 nspr-2   ERROR [COM]: aRC=E_ACCESSDENIED (0x80070005) aIID={480cf695-2d8d-4256-9c7c-cce4184fa048} aComponent={Machine} aText={The object functionality is limited}, preserve=false
00:00:01.124650 nspr-2   ERROR [COM]: aRC=E_ACCESSDENIED (0x80070005) aIID={480cf695-2d8d-4256-9c7c-cce4184fa048} aComponent={Machine} aText={The object functionality is limited}, preserve=false
00:00:01.124676 nspr-2   ERROR [COM]: aRC=E_ACCESSDENIED (0x80070005) aIID={480cf695-2d8d-4256-9c7c-cce4184fa048} aComponent={Machine} aText={The object functionality is limited}, preserve=false
00:00:01.124695 nspr-2   ERROR [COM]: aRC=E_ACCESSDENIED (0x80070005) aIID={480cf695-2d8d-4256-9c7c-cce4184fa048} aComponent={Machine} aText={The object functionality is limited}, preserve=false
00:00:01.124719 nspr-2   ERROR [COM]: aRC=E_ACCESSDENIED (0x80070005) aIID={480cf695-2d8d-4256-9c7c-cce4184fa048} aComponent={Machine} aText={The object functionality is limited}, preserve=false
00:07:15.187489 main     ERROR [COM]: aRC=VBOX_E_OBJECT_IN_USE (0x80bb000c) aIID={05f2bbb6-a3a6-4fb9-9b49-6d0dda7142ac} aComponent={Medium} aText={Medium '/usr/home/definitly/VirtualBox VMs/slitaz/slitaz.vdi' cannot be closed because it is still attached to 1 virtual machines}, preserve=false
00:07:15.188630 Watcher  ERROR [COM]: aRC=E_ACCESSDENIED (0x80070005) aIID={fafa4e17-1ee2-4905-a10e-fe7c18bf5554} aComponent={VirtualBox} aText={The object is not ready}, preserve=false
